<?xml version="1.0" encoding="UTF-8"?>
<!-- Generated by org.testng.reporters.JUnitReportReporter -->
<testsuite hostname="LAPTOP-UD4LBO6R" failures="0" tests="1" name="academy.ValidateNavigationBar" time="0.187" errors="0" timestamp="2020-04-25T06:01:28 PDT" skipped="0">
  <testcase classname="academy.ValidateNavigationBar" name="validateNavigationBar" time="0.187"/>
  <system-out/>
</testsuite> <!-- academy.ValidateNavigationBar -->
