<?xml version="1.0" encoding="UTF-8"?>
<!-- Generated by org.testng.reporters.JUnitReportReporter -->
<testsuite hostname="LAPTOP-UD4LBO6R" failures="0" tests="2" name="academy.HomePage2" time="17.702" errors="0" timestamp="2020-04-25T06:01:28 PDT" skipped="0">
  <testcase classname="academy.HomePage2" name="validateLoginPage" time="11.378"/>
  <system-out/>
  <testcase classname="academy.HomePage2" name="validateLoginPage" time="6.324"/>
  <system-out/>
</testsuite> <!-- academy.HomePage2 -->
