<?xml version="1.0" encoding="UTF-8"?>
<!-- Generated by org.testng.reporters.JUnitReportReporter -->
<testsuite hostname="LAPTOP-UD4LBO6R" failures="0" tests="1" name="academy.HomePage" time="8.151" errors="0" timestamp="2020-04-25T05:56:20 PDT" skipped="0">
  <testcase classname="academy.HomePage" name="validateHomePage" time="8.151"/>
  <system-out/>
</testsuite> <!-- academy.HomePage -->
